{
  message: `Schema hasn't been registered for model "Users".\n` +
    'Use mongoose.model(name, schema)',
  level: 'error',
  timestamp: '2020-07-28T19:15:15.115Z'
}
{
  message: 'Database Connection was Successful',
  level: 'info',
  timestamp: '2020-07-28T19:17:22.608Z'
}
{
  message: 'User fetched Successfully',
  level: 'info',
  timestamp: '2020-07-28T19:17:25.742Z'
}
{
  message: 'Database Connection closed due to NodeJs process termination',
  level: 'info',
  timestamp: '2020-07-28T19:23:58.506Z'
}
{
  message: 'Database Connection was Successful',
  level: 'info',
  timestamp: '2020-07-28T23:00:27.373Z'
}
{
  message: 'Database Connection was Successful',
  level: 'info',
  timestamp: '2020-07-28T23:06:45.482Z'
}
{
  message: 'Database Connection was Successful',
  level: 'info',
  timestamp: '2020-07-28T23:07:15.856Z'
}
{
  message: 'Database Connection was Successful',
  level: 'info',
  timestamp: '2020-07-28T23:07:38.301Z'
}
{
  message: 'Database Connection was Successful',
  level: 'info',
  timestamp: '2020-07-28T23:08:50.754Z'
}
{
  message: 'Form fetched Successfully',
  level: 'info',
  timestamp: '2020-07-28T23:09:21.169Z'
}
{
  message: 'Submission validation failed: name: Path `name` is required., email: Path `email` is required., subject: Path `subject` is required., content: Path `content` is required.',
  level: 'error',
  timestamp: '2020-07-28T23:09:21.193Z'
}
{
  message: 'Form fetched Successfully',
  level: 'info',
  timestamp: '2020-07-28T23:10:32.978Z'
}
{
  message: 'Submission Created Successfully',
  level: 'info',
  timestamp: '2020-07-28T23:10:33.001Z'
}
{
  message: 'Webhook Delivered Successfully',
  level: 'info',
  timestamp: '2020-07-28T23:10:33.314Z'
}
{
  message: 'Database Connection was Successful',
  level: 'info',
  timestamp: '2020-07-28T23:15:43.100Z'
}
{
  message: 'User Authentticated Successfully',
  level: 'info',
  timestamp: '2020-07-28T23:16:36.275Z'
}
{
  message: 'User fetched Successfully',
  level: 'info',
  timestamp: '2020-07-28T23:16:59.685Z'
}
{
  message: 'Database Connection was Successful',
  level: 'info',
  timestamp: '2020-07-28T23:18:24.605Z'
}
{
  message: 'body.email.toLowercase is not a function',
  level: 'error',
  timestamp: '2020-07-28T23:18:52.267Z'
}
{
  message: 'Database Connection was Successful',
  level: 'info',
  timestamp: '2020-07-28T23:19:19.725Z'
}
{
  message: 'Users validation failed: username: Path `username` is required.',
  level: 'error',
  timestamp: '2020-07-28T23:19:20.909Z'
}
{
  message: 'Database Connection was Successful',
  level: 'info',
  timestamp: '2020-07-28T23:19:52.420Z'
}
{
  message: 'Database Connection was Successful',
  level: 'info',
  timestamp: '2020-07-28T23:20:13.524Z'
}
{
  message: 'Users validation failed: username: Path `username` is required.',
  level: 'error',
  timestamp: '2020-07-28T23:20:13.756Z'
}
{
  message: 'Database Connection was Successful',
  level: 'info',
  timestamp: '2020-07-28T23:20:27.695Z'
}
{
  message: 'User Created Successfully',
  level: 'info',
  timestamp: '2020-07-28T23:20:29.019Z'
}
{
  message: 'User Authentticated Successfully',
  level: 'info',
  timestamp: '2020-07-28T23:20:47.223Z'
}
{
  message: 'Database Connection was Successful',
  level: 'info',
  timestamp: '2020-07-29T11:15:40.273Z'
}
{
  message: 'Database Connection was Successful',
  level: 'info',
  timestamp: '2020-07-29T11:39:01.311Z'
}
{
  message: 'Analytics fetched Successfully',
  level: 'info',
  timestamp: '2020-07-29T11:39:09.594Z'
}
{
  message: 'Analytics fetched Successfully',
  level: 'info',
  timestamp: '2020-07-29T11:39:09.632Z'
}
{
  message: 'Analytics fetched Successfully',
  level: 'info',
  timestamp: '2020-07-29T11:39:50.156Z'
}
{
  message: 'Analytics fetched Successfully',
  level: 'info',
  timestamp: '2020-07-29T11:39:50.164Z'
}
{
  message: 'Database Connection was Successful',
  level: 'info',
  timestamp: '2020-07-29T11:48:37.889Z'
}
{
  message: 'Database Connection was Successful',
  level: 'info',
  timestamp: '2020-07-29T13:55:19.955Z'
}
{
  message: 'Analytics fetched Successfully',
  level: 'info',
  timestamp: '2020-07-29T13:55:59.186Z'
}
{
  message: 'Analytics fetched Successfully',
  level: 'info',
  timestamp: '2020-07-29T13:55:59.290Z'
}
{
  message: 'Analytics fetched Successfully',
  level: 'info',
  timestamp: '2020-07-29T13:56:10.907Z'
}
{
  message: 'Analytics fetched Successfully',
  level: 'info',
  timestamp: '2020-07-29T13:56:10.910Z'
}
{
  message: 'Analytics fetched Successfully',
  level: 'info',
  timestamp: '2020-07-29T13:56:59.181Z'
}
{
  message: 'Analytics fetched Successfully',
  level: 'info',
  timestamp: '2020-07-29T13:56:59.189Z'
}
{
  message: 'Analytics fetched Successfully',
  level: 'info',
  timestamp: '2020-07-29T13:57:20.295Z'
}
{
  message: 'Analytics fetched Successfully',
  level: 'info',
  timestamp: '2020-07-29T13:57:20.301Z'
}
{
  message: 'Analytics fetched Successfully',
  level: 'info',
  timestamp: '2020-07-29T13:57:28.169Z'
}
{
  message: 'Analytics fetched Successfully',
  level: 'info',
  timestamp: '2020-07-29T13:57:28.173Z'
}
{
  message: 'Analytics fetched Successfully',
  level: 'info',
  timestamp: '2020-07-29T13:57:37.886Z'
}
{
  message: 'Analytics fetched Successfully',
  level: 'info',
  timestamp: '2020-07-29T13:57:37.890Z'
}
{
  message: 'Analytics fetched Successfully',
  level: 'info',
  timestamp: '2020-07-29T13:57:58.728Z'
}
{
  message: 'Analytics fetched Successfully',
  level: 'info',
  timestamp: '2020-07-29T13:57:58.732Z'
}
{
  message: 'Database Connection was Successful',
  level: 'info',
  timestamp: '2020-07-29T13:58:37.567Z'
}
{
  message: 'Analytics fetched Successfully',
  level: 'info',
  timestamp: '2020-07-29T13:58:41.591Z'
}
{
  message: 'Analytics fetched Successfully',
  level: 'info',
  timestamp: '2020-07-29T13:58:41.597Z'
}
{
  message: 'Analytics fetched Successfully',
  level: 'info',
  timestamp: '2020-07-29T13:59:04.728Z'
}
{
  message: 'Analytics fetched Successfully',
  level: 'info',
  timestamp: '2020-07-29T13:59:04.741Z'
}
{
  message: 'Analytics fetched Successfully',
  level: 'info',
  timestamp: '2020-07-29T13:59:07.802Z'
}
{
  message: 'Analytics fetched Successfully',
  level: 'info',
  timestamp: '2020-07-29T13:59:07.806Z'
}
{
  message: 'Analytics fetched Successfully',
  level: 'info',
  timestamp: '2020-07-29T13:59:14.317Z'
}
{
  message: 'Analytics fetched Successfully',
  level: 'info',
  timestamp: '2020-07-29T13:59:14.325Z'
}
{
  message: 'User Authentticated Successfully',
  level: 'info',
  timestamp: '2020-07-29T13:59:21.408Z'
}
{
  message: 'Analytics fetched Successfully',
  level: 'info',
  timestamp: '2020-07-29T14:00:36.295Z'
}
{
  message: 'Analytics fetched Successfully',
  level: 'info',
  timestamp: '2020-07-29T14:00:36.299Z'
}
{
  message: 'Analytics fetched Successfully',
  level: 'info',
  timestamp: '2020-07-29T14:00:59.412Z'
}
{
  message: 'Analytics fetched Successfully',
  level: 'info',
  timestamp: '2020-07-29T14:00:59.416Z'
}
{
  message: 'User Authentticated Successfully',
  level: 'info',
  timestamp: '2020-07-29T14:01:05.248Z'
}
{
  message: 'Database Connection was Successful',
  level: 'info',
  timestamp: '2020-07-29T14:01:41.140Z'
}
{
  message: 'User Authentticated Successfully',
  level: 'info',
  timestamp: '2020-07-29T14:01:54.712Z'
}
{
  message: 'User Authentticated Successfully',
  level: 'info',
  timestamp: '2020-07-29T14:02:25.379Z'
}
{
  message: 'User Authentticated Successfully',
  level: 'info',
  timestamp: '2020-07-29T14:15:17.990Z'
}
{
  message: 'User Authentticated Successfully',
  level: 'info',
  timestamp: '2020-07-29T14:16:17.371Z'
}
{
  message: 'User Authentticated Successfully',
  level: 'info',
  timestamp: '2020-07-29T14:17:20.488Z'
}
{
  message: 'User Authentticated Successfully',
  level: 'info',
  timestamp: '2020-07-29T14:18:09.228Z'
}
{
  message: 'User Authentticated Successfully',
  level: 'info',
  timestamp: '2020-07-29T14:19:18.122Z'
}
{
  message: 'Database Connection was Successful',
  level: 'info',
  timestamp: '2020-07-29T14:20:21.504Z'
}
{
  message: 'User Authentticated Successfully',
  level: 'info',
  timestamp: '2020-07-29T14:20:29.573Z'
}
{
  message: 'Database Connection was Successful',
  level: 'info',
  timestamp: '2020-07-29T14:23:15.782Z'
}
{
  message: 'Database Connection was Successful',
  level: 'info',
  timestamp: '2020-07-29T14:23:47.432Z'
}
{
  message: 'Database Connection was Successful',
  level: 'info',
  timestamp: '2020-07-29T14:24:01.767Z'
}
{
  message: 'Database Connection was Successful',
  level: 'info',
  timestamp: '2020-07-29T14:26:10.598Z'
}
{
  message: 'User Authentticated Successfully',
  level: 'info',
  timestamp: '2020-07-29T14:26:13.864Z'
}
{
  message: 'Database Connection was Successful',
  level: 'info',
  timestamp: '2020-07-29T14:28:40.809Z'
}
{
  message: 'User Authentticated Successfully',
  level: 'info',
  timestamp: '2020-07-29T14:28:56.570Z'
}
{
  message: 'Database Connection was Successful',
  level: 'info',
  timestamp: '2020-07-29T14:39:02.994Z'
}
{
  message: 'Database Connection was Successful',
  level: 'info',
  timestamp: '2020-07-29T14:44:14.161Z'
}
{
  message: 'Database Connection was Successful',
  level: 'info',
  timestamp: '2020-07-29T14:54:50.069Z'
}
{
  message: 'Analytics fetched Successfully',
  level: 'info',
  timestamp: '2020-07-29T14:56:02.510Z'
}
{
  message: 'Analytics fetched Successfully',
  level: 'info',
  timestamp: '2020-07-29T14:56:02.541Z'
}
{
  message: 'User Authenticated Successfully',
  level: 'info',
  timestamp: '2020-07-29T14:56:11.420Z'
}
{
  message: 'Database Connection was Successful',
  level: 'info',
  timestamp: '2020-07-29T15:00:43.700Z'
}
{
  message: 'Database Connection was Successful',
  level: 'info',
  timestamp: '2020-07-29T15:00:59.204Z'
}
{
  message: 'Database Connection was Successful',
  level: 'info',
  timestamp: '2020-07-29T15:01:30.446Z'
}
{
  message: 'Database Connection was Successful',
  level: 'info',
  timestamp: '2020-07-29T15:01:48.115Z'
}
{
  message: 'Database Connection was Successful',
  level: 'info',
  timestamp: '2020-07-29T15:03:05.547Z'
}
{
  message: 'Database Connection was Successful',
  level: 'info',
  timestamp: '2020-07-29T15:06:42.491Z'
}
{
  message: 'Database Connection was Successful',
  level: 'info',
  timestamp: '2020-07-29T15:23:40.784Z'
}
{
  message: 'Database Connection was Successful',
  level: 'info',
  timestamp: '2020-07-29T15:24:53.673Z'
}
{
  message: 'Database Connection was Successful',
  level: 'info',
  timestamp: '2020-07-29T15:57:17.726Z'
}
{
  message: 'Analytics fetched Successfully',
  level: 'info',
  timestamp: '2020-07-29T16:02:49.597Z'
}
{
  message: 'Analytics fetched Successfully',
  level: 'info',
  timestamp: '2020-07-29T16:02:49.617Z'
}
{
  message: 'User Authenticated Successfully',
  level: 'info',
  timestamp: '2020-07-29T16:03:03.724Z'
}
{
  message: 'Database Connection was Successful',
  level: 'info',
  timestamp: '2020-07-29T19:04:24.147Z'
}
{
  message: 'User Authenticated Successfully',
  level: 'info',
  timestamp: '2020-07-29T19:06:07.340Z'
}
{
  message: 'Database Connection closed due to NodeJs process termination',
  level: 'info',
  timestamp: '2020-07-29T20:06:52.614Z'
}
{
  message: 'Database Connection was Successful',
  level: 'info',
  timestamp: '2020-07-29T21:38:12.669Z'
}
{
  message: 'Analytics fetched Successfully',
  level: 'info',
  timestamp: '2020-07-29T21:38:41.761Z'
}
{
  message: 'Analytics fetched Successfully',
  level: 'info',
  timestamp: '2020-07-29T21:38:41.768Z'
}
{
  message: 'Analytics fetched Successfully',
  level: 'info',
  timestamp: '2020-07-29T21:40:00.660Z'
}
{
  message: 'Analytics fetched Successfully',
  level: 'info',
  timestamp: '2020-07-29T21:40:00.664Z'
}
{
  message: 'Analytics fetched Successfully',
  level: 'info',
  timestamp: '2020-07-29T21:40:11.839Z'
}
{
  message: 'Analytics fetched Successfully',
  level: 'info',
  timestamp: '2020-07-29T21:40:11.849Z'
}
{
  message: 'Analytics fetched Successfully',
  level: 'info',
  timestamp: '2020-07-29T21:41:21.132Z'
}
{
  message: 'Analytics fetched Successfully',
  level: 'info',
  timestamp: '2020-07-29T21:41:21.136Z'
}
{
  message: 'Analytics fetched Successfully',
  level: 'info',
  timestamp: '2020-07-29T21:42:14.205Z'
}
{
  message: 'Analytics fetched Successfully',
  level: 'info',
  timestamp: '2020-07-29T21:42:14.209Z'
}
{
  message: 'Analytics fetched Successfully',
  level: 'info',
  timestamp: '2020-07-29T21:42:32.175Z'
}
{
  message: 'Analytics fetched Successfully',
  level: 'info',
  timestamp: '2020-07-29T21:42:32.181Z'
}
{
  message: 'Analytics fetched Successfully',
  level: 'info',
  timestamp: '2020-07-29T21:44:05.230Z'
}
{
  message: 'Analytics fetched Successfully',
  level: 'info',
  timestamp: '2020-07-29T21:44:05.241Z'
}
{
  message: 'Database Connection was Successful',
  level: 'info',
  timestamp: '2020-07-29T21:45:44.767Z'
}
{
  message: 'Database Connection was Successful',
  level: 'info',
  timestamp: '2020-07-29T21:45:59.642Z'
}
{
  message: 'Analytics fetched Successfully',
  level: 'info',
  timestamp: '2020-07-29T21:46:37.202Z'
}
{
  message: 'Analytics fetched Successfully',
  level: 'info',
  timestamp: '2020-07-29T21:46:37.207Z'
}
{
  message: 'User Authenticated Successfully',
  level: 'info',
  timestamp: '2020-07-29T21:46:46.464Z'
}
{
  message: 'User Authenticated Successfully',
  level: 'info',
  timestamp: '2020-07-29T21:57:49.777Z'
}
{
  message: 'User Authenticated Successfully',
  level: 'info',
  timestamp: '2020-07-29T21:58:38.044Z'
}
{
  message: 'User Authenticated Successfully',
  level: 'info',
  timestamp: '2020-07-29T22:02:53.697Z'
}
{
  message: 'User Authenticated Successfully',
  level: 'info',
  timestamp: '2020-07-29T22:04:29.604Z'
}
{
  message: 'User Authenticated Successfully',
  level: 'info',
  timestamp: '2020-07-29T22:05:02.198Z'
}
{
  message: 'User Authenticated Successfully',
  level: 'info',
  timestamp: '2020-07-29T22:06:02.878Z'
}
{
  message: 'User Authenticated Successfully',
  level: 'info',
  timestamp: '2020-07-29T22:07:08.389Z'
}
{
  message: 'Database Connection was Successful',
  level: 'info',
  timestamp: '2020-07-29T22:10:52.222Z'
}
{
  message: 'User Authenticated Successfully',
  level: 'info',
  timestamp: '2020-07-29T22:10:59.688Z'
}
{
  message: 'this.userService.get is not a function',
  level: 'error',
  timestamp: '2020-07-29T22:10:59.692Z'
}
{
  message: 'Database Connection was Successful',
  level: 'info',
  timestamp: '2020-07-29T22:11:10.988Z'
}
{
  message: 'User Authenticated Successfully',
  level: 'info',
  timestamp: '2020-07-29T22:11:15.055Z'
}
{
  message: 'User fetched Successfully',
  level: 'info',
  timestamp: '2020-07-29T22:11:15.063Z'
}
{
  message: 'Database Connection was Successful',
  level: 'info',
  timestamp: '2020-07-29T22:13:18.270Z'
}
{
  message: 'User Authenticated Successfully',
  level: 'info',
  timestamp: '2020-07-29T22:13:28.056Z'
}
{
  message: 'User fetched Successfully',
  level: 'info',
  timestamp: '2020-07-29T22:13:28.064Z'
}
{
  message: 'token is not defined',
  level: 'error',
  timestamp: '2020-07-29T22:13:28.078Z'
}
{
  message: 'Database Connection was Successful',
  level: 'info',
  timestamp: '2020-07-29T22:13:38.158Z'
}
{
  message: 'User Authenticated Successfully',
  level: 'info',
  timestamp: '2020-07-29T22:13:54.362Z'
}
{
  message: 'User fetched Successfully',
  level: 'info',
  timestamp: '2020-07-29T22:13:54.377Z'
}
{
  message: 'User Authenticated Successfully',
  level: 'info',
  timestamp: '2020-07-29T22:14:42.826Z'
}
{
  message: 'User fetched Successfully',
  level: 'info',
  timestamp: '2020-07-29T22:14:42.867Z'
}
{
  message: 'Database Connection was Successful',
  level: 'info',
  timestamp: '2020-07-29T22:16:53.990Z'
}
{
  message: 'User Authenticated Successfully',
  level: 'info',
  timestamp: '2020-07-29T22:16:59.676Z'
}
{
  message: 'User fetched Successfully',
  level: 'info',
  timestamp: '2020-07-29T22:16:59.731Z'
}
{
  message: 'User Authenticated Successfully',
  level: 'info',
  timestamp: '2020-07-29T22:17:54.802Z'
}
{
  message: 'User fetched Successfully',
  level: 'info',
  timestamp: '2020-07-29T22:17:54.806Z'
}
{
  message: 'Database Connection was Successful',
  level: 'info',
  timestamp: '2020-07-29T22:18:26.625Z'
}
{
  message: 'Database Connection was Successful',
  level: 'info',
  timestamp: '2020-07-29T22:18:46.011Z'
}
{
  message: 'Database Connection was Successful',
  level: 'info',
  timestamp: '2020-07-29T22:18:48.906Z'
}
{
  message: 'User Authenticated Successfully',
  level: 'info',
  timestamp: '2020-07-29T22:18:55.960Z'
}
{
  message: 'User fetched Successfully',
  level: 'info',
  timestamp: '2020-07-29T22:18:55.970Z'
}
{
  message: 'Database Connection was Successful',
  level: 'info',
  timestamp: '2020-07-29T22:19:23.044Z'
}
{
  message: 'User Authenticated Successfully',
  level: 'info',
  timestamp: '2020-07-29T22:19:26.839Z'
}
{
  message: 'User fetched Successfully',
  level: 'info',
  timestamp: '2020-07-29T22:19:26.862Z'
}
{
  message: 'Database Connection was Successful',
  level: 'info',
  timestamp: '2020-07-29T22:19:36.304Z'
}
{
  message: 'Database Connection was Successful',
  level: 'info',
  timestamp: '2020-07-29T22:19:43.229Z'
}
{
  message: 'User Authenticated Successfully',
  level: 'info',
  timestamp: '2020-07-29T22:21:37.470Z'
}
{
  message: 'User fetched Successfully',
  level: 'info',
  timestamp: '2020-07-29T22:21:37.484Z'
}
{
  message: 'User Authenticated Successfully',
  level: 'info',
  timestamp: '2020-07-29T22:21:48.461Z'
}
{
  message: 'User fetched Successfully',
  level: 'info',
  timestamp: '2020-07-29T22:21:48.487Z'
}
{
  message: 'User fetched Successfully',
  level: 'info',
  timestamp: '2020-07-29T22:22:23.341Z'
}
{
  message: 'User Authenticated Successfully',
  level: 'info',
  timestamp: '2020-07-29T22:24:49.905Z'
}
{
  message: 'User fetched Successfully',
  level: 'info',
  timestamp: '2020-07-29T22:24:49.910Z'
}
{
  message: 'Database Connection closed due to NodeJs process termination',
  level: 'info',
  timestamp: '2020-07-29T22:27:25.508Z'
}
{
  message: 'Database Connection was Successful',
  level: 'info',
  timestamp: '2020-07-29T22:27:31.914Z'
}
{
  message: 'Database Connection was Successful',
  level: 'info',
  timestamp: '2020-07-29T22:28:15.987Z'
}
{
  message: 'Database Connection was Successful',
  level: 'info',
  timestamp: '2020-07-29T22:28:37.977Z'
}
{
  message: 'Database Connection was Successful',
  level: 'info',
  timestamp: '2020-07-29T22:28:56.545Z'
}
{
  message: 'Database Connection was Successful',
  level: 'info',
  timestamp: '2020-07-29T22:29:27.152Z'
}
{
  message: 'Database Connection was Successful',
  level: 'info',
  timestamp: '2020-07-29T22:29:30.038Z'
}
{
  message: 'User Authenticated Successfully',
  level: 'info',
  timestamp: '2020-07-29T22:29:57.421Z'
}
{
  message: 'User fetched Successfully',
  level: 'info',
  timestamp: '2020-07-29T22:29:57.468Z'
}
{
  message: 'Database Connection closed due to NodeJs process termination',
  level: 'info',
  timestamp: '2020-07-29T23:41:45.684Z'
}
{
  message: 'Database Connection was Successful',
  level: 'info',
  timestamp: '2020-07-30T12:31:11.295Z'
}
{
  message: 'User Authenticated Successfully',
  level: 'info',
  timestamp: '2020-07-30T13:45:34.078Z'
}
{
  message: 'User fetched Successfully',
  level: 'info',
  timestamp: '2020-07-30T13:45:34.100Z'
}
{
  message: 'User Authenticated Successfully',
  level: 'info',
  timestamp: '2020-07-30T14:01:01.925Z'
}
{
  message: 'User fetched Successfully',
  level: 'info',
  timestamp: '2020-07-30T14:01:01.939Z'
}
{
  message: 'User Authenticated Successfully',
  level: 'info',
  timestamp: '2020-07-30T14:29:47.245Z'
}
{
  message: 'User fetched Successfully',
  level: 'info',
  timestamp: '2020-07-30T14:29:47.295Z'
}
{
  message: 'Database Connection closed due to NodeJs process termination',
  level: 'info',
  timestamp: '2020-07-30T14:49:54.801Z'
}
{
  message: 'Database Connection was Successful',
  level: 'info',
  timestamp: '2020-07-30T23:23:28.269Z'
}
{
  message: 'Database Connection was Successful',
  level: 'info',
  timestamp: '2020-07-31T15:59:26.316Z'
}
{
  message: 'Analytics fetched Successfully',
  level: 'info',
  timestamp: '2020-07-31T16:18:00.282Z'
}
{
  message: 'Analytics fetched Successfully',
  level: 'info',
  timestamp: '2020-07-31T16:18:00.301Z'
}
{
  message: 'Analytics fetched Successfully',
  level: 'info',
  timestamp: '2020-07-31T16:18:51.609Z'
}
{
  message: 'Analytics fetched Successfully',
  level: 'info',
  timestamp: '2020-07-31T16:18:51.637Z'
}
{
  message: 'Analytics fetched Successfully',
  level: 'info',
  timestamp: '2020-07-31T16:19:11.759Z'
}
{
  message: 'Analytics fetched Successfully',
  level: 'info',
  timestamp: '2020-07-31T16:19:11.762Z'
}
{
  message: 'Analytics fetched Successfully',
  level: 'info',
  timestamp: '2020-07-31T16:19:38.319Z'
}
{
  message: 'Analytics fetched Successfully',
  level: 'info',
  timestamp: '2020-07-31T16:19:38.324Z'
}
{
  message: 'Analytics fetched Successfully',
  level: 'info',
  timestamp: '2020-07-31T16:20:01.893Z'
}
{
  message: 'Analytics fetched Successfully',
  level: 'info',
  timestamp: '2020-07-31T16:20:01.896Z'
}
{
  message: 'User Authenticated Successfully',
  level: 'info',
  timestamp: '2020-07-31T16:25:20.700Z'
}
{
  message: 'User fetched Successfully',
  level: 'info',
  timestamp: '2020-07-31T16:25:20.708Z'
}
{
  message: 'Form fetched Successfully',
  level: 'info',
  timestamp: '2020-07-31T19:22:50.035Z'
}
{
  message: 'Submission Created Successfully',
  level: 'info',
  timestamp: '2020-07-31T19:22:50.065Z'
}
{
  message: 'Webhook Delivered Successfully',
  level: 'info',
  timestamp: '2020-07-31T19:22:50.644Z'
}
{
  message: 'id is not defined',
  level: 'error',
  timestamp: '2020-07-31T19:23:07.873Z'
}
{
  message: 'Database Connection was Successful',
  level: 'info',
  timestamp: '2020-07-31T19:26:50.506Z'
}
{
  message: 'Form fetched Successfully',
  level: 'info',
  timestamp: '2020-07-31T19:26:50.802Z'
}
{
  message: 'Database Connection was Successful',
  level: 'info',
  timestamp: '2020-07-31T23:56:14.462Z'
}
{
  message: 'User Authenticated Successfully',
  level: 'info',
  timestamp: '2020-07-31T23:57:12.968Z'
}
{
  message: 'User fetched Successfully',
  level: 'info',
  timestamp: '2020-07-31T23:57:12.982Z'
}
{
  message: "Cannot read property 'user_id' of undefined",
  level: 'error',
  timestamp: '2020-07-31T23:57:31.420Z'
}
{
  message: 'Database Connection was Successful',
  level: 'info',
  timestamp: '2020-07-31T23:57:47.856Z'
}
{
  message: "Cannot read property 'user_id' of undefined",
  level: 'error',
  timestamp: '2020-07-31T23:57:55.245Z'
}
{
  message: 'Database Connection was Successful',
  level: 'info',
  timestamp: '2020-07-31T23:58:07.368Z'
}
{
  message: "Cannot read property 'user_id' of undefined",
  level: 'error',
  timestamp: '2020-07-31T23:58:09.527Z'
}
{
  message: 'Database Connection was Successful',
  level: 'info',
  timestamp: '2020-08-01T00:10:19.588Z'
}
{
  message: "Cannot read property 'user_id' of undefined",
  level: 'error',
  timestamp: '2020-08-01T00:10:24.944Z'
}
{
  message: 'Database Connection was Successful',
  level: 'info',
  timestamp: '2020-08-01T00:11:41.363Z'
}
{
  message: 'Database Connection was Successful',
  level: 'info',
  timestamp: '2020-08-01T00:11:45.747Z'
}
{
  message: 'Database Connection was Successful',
  level: 'info',
  timestamp: '2020-08-01T00:12:37.543Z'
}
{
  message: "Cannot read property 'user_id' of undefined",
  level: 'error',
  timestamp: '2020-08-01T00:12:41.996Z'
}
{
  message: 'Database Connection was Successful',
  level: 'info',
  timestamp: '2020-08-01T00:12:56.947Z'
}
{
  message: 'Database Connection was Successful',
  level: 'info',
  timestamp: '2020-08-01T00:13:07.692Z'
}
{
  message: "Cannot destructure property `user_id` of 'undefined' or 'null'.",
  level: 'error',
  timestamp: '2020-08-01T00:13:12.320Z'
}
{
  message: 'Database Connection was Successful',
  level: 'info',
  timestamp: '2020-08-01T00:13:35.311Z'
}
{
  message: 'Database Connection was Successful',
  level: 'info',
  timestamp: '2020-08-01T00:13:39.989Z'
}
{
  message: 'this.formService.getUserForms is not a function',
  level: 'error',
  timestamp: '2020-08-01T00:13:43.386Z'
}
{
  message: 'Database Connection was Successful',
  level: 'info',
  timestamp: '2020-08-01T00:13:52.470Z'
}
{
  message: 'Database Connection was Successful',
  level: 'info',
  timestamp: '2020-08-01T00:14:05.733Z'
}
{
  message: 'Form fetched Successfully',
  level: 'info',
  timestamp: '2020-08-01T00:14:07.400Z'
}
{
  message: 'Form fetched Successfully',
  level: 'info',
  timestamp: '2020-08-01T00:14:11.987Z'
}
{
  message: 'Database Connection was Successful',
  level: 'info',
  timestamp: '2020-08-01T00:15:23.436Z'
}
{
  message: 'Database Connection was Successful',
  level: 'info',
  timestamp: '2020-08-01T00:15:32.830Z'
}
{
  message: 'User Authenticated Successfully',
  level: 'info',
  timestamp: '2020-08-01T00:16:33.199Z'
}
{
  message: 'User fetched Successfully',
  level: 'info',
  timestamp: '2020-08-01T00:16:33.211Z'
}
{
  message: 'Form fetched Successfully',
  level: 'info',
  timestamp: '2020-08-01T00:16:48.312Z'
}
{
  message: 'Form fetched Successfully',
  level: 'info',
  timestamp: '2020-08-01T00:16:56.173Z'
}
{
  message: 'Database Connection was Successful',
  level: 'info',
  timestamp: '2020-08-01T00:17:15.904Z'
}
{
  message: 'Database Connection was Successful',
  level: 'info',
  timestamp: '2020-08-01T00:17:27.439Z'
}
{
  message: 'Form fetched Successfully',
  level: 'info',
  timestamp: '2020-08-01T00:18:02.087Z'
}
{
  message: 'Database Connection was Successful',
  level: 'info',
  timestamp: '2020-08-01T00:20:41.164Z'
}
{
  message: 'Form fetched Successfully',
  level: 'info',
  timestamp: '2020-08-01T00:20:41.645Z'
}
{
  message: 'Database Connection was Successful',
  level: 'info',
  timestamp: '2020-08-01T00:21:27.192Z'
}
{
  message: 'Form fetched Successfully',
  level: 'info',
  timestamp: '2020-08-01T00:21:27.528Z'
}
{
  message: 'Database Connection was Successful',
  level: 'info',
  timestamp: '2020-08-01T00:22:11.184Z'
}
{
  message: 'Form fetched Successfully',
  level: 'info',
  timestamp: '2020-08-01T00:22:11.538Z'
}
{
  message: 'form_id is not defined',
  level: 'error',
  timestamp: '2020-08-01T00:24:23.848Z'
}
{
  message: 'Database Connection was Successful',
  level: 'info',
  timestamp: '2020-08-01T00:25:04.956Z'
}
{
  message: 'Database Connection was Successful',
  level: 'info',
  timestamp: '2020-08-01T00:25:33.528Z'
}
{
  message: 'Database Connection was Successful',
  level: 'info',
  timestamp: '2020-08-01T00:26:00.409Z'
}
{
  message: 'Database Connection was Successful',
  level: 'info',
  timestamp: '2020-08-01T00:26:44.481Z'
}
{
  message: 'Database Connection was Successful',
  level: 'info',
  timestamp: '2020-08-01T00:27:16.489Z'
}
{
  message: 'Database Connection was Successful',
  level: 'info',
  timestamp: '2020-08-01T00:27:19.817Z'
}
{
  message: 'form_id is not defined',
  level: 'error',
  timestamp: '2020-08-01T00:27:31.143Z'
}
{
  message: 'Database Connection was Successful',
  level: 'info',
  timestamp: '2020-08-01T00:28:02.986Z'
}
{
  message: 'Database Connection was Successful',
  level: 'info',
  timestamp: '2020-08-01T00:28:25.423Z'
}
{
  message: 'Database Connection was Successful',
  level: 'info',
  timestamp: '2020-08-01T00:28:29.900Z'
}
{
  message: 'Submission fetched Successfully',
  level: 'info',
  timestamp: '2020-08-01T00:28:30.257Z'
}
{
  message: 'Database Connection closed due to NodeJs process termination',
  level: 'info',
  timestamp: '2020-08-01T00:30:17.467Z'
}
